<?xml version="1.0" encoding="UTF-8"?>
<!-- Generated by org.testng.reporters.JUnitXMLReporter -->
<testsuite hostname="dcw24011" ignored="0" name="Default test" tests="3" failures="0" timestamp="22 May 2018 10:10:34 GMT" time="61.227" errors="0">
  <testcase name="invalidLoginTest_InvalidUserNameInvalidPassword" time="8.028" classname="tests.AdminLoginTest"/>
  <testcase name="invalidLoginTest_EmptyUserEmptyPassword" time="0.749" classname="tests.AdminLoginTest"/>
  <testcase name="validLoginTest_EmptyUserEmptyPassword" time="3.184" classname="tests.AdminLoginTest"/>
</testsuite> <!-- Default test -->
